<?xml version="1.0" encoding="UTF-8"?>
<!-- Generated by org.testng.reporters.JUnitXMLReporter -->
<testsuite ignored="0" hostname="DESKTOP-AACVLLJ" failures="2" tests="7" name="Test" time="81.005" errors="0" timestamp="2023-01-09T15:28:31 IST">
  <testcase classname="com.crm.qa.testcases.ContactPageTest" name="VerifyContactsLabel" time="2.278"/>
  <testcase classname="com.crm.qa.testcases.ContactPageTest" name="SelectContactTest" time="4.918">
    <failure type="org.openqa.selenium.JavascriptException" message="javascript error: missing ) after argument list
  (Session info: chrome=108.0.5359.125)
Build info: version: &amp;apos;4.6.0&amp;apos;, revision: &amp;apos;79f1c02ae20&amp;apos;
System info: os.name: &amp;apos;Windows 10&amp;apos;, os.arch: &amp;apos;amd64&amp;apos;, os.version: &amp;apos;10.0&amp;apos;, java.version: &amp;apos;17.0.5&amp;apos;
Driver info: org.openqa.selenium.chrome.ChromeDriver
Command: [4149d4ed7c7d938430719f19d7b74560, executeScript {script=document.getElementById(&amp;apos;//a[contains(text(),&amp;apos;test2  test2&amp;apos;)]//parent::td//preceding-sibling::td//input[@name=&amp;apos;id&amp;apos;]&amp;apos;).click();, args=[]}]
Capabilities {acceptInsecureCerts: false, browserName: chrome, browserVersion: 108.0.5359.125, chrome: {chromedriverVersion: 107.0.5304.18 (fde5ebf4e16d..., userDataDir: C:\Users\hp\AppData\Local\T...}, goog:chromeOptions: {debuggerAddress: localhost:49681}, networkConnectionEnabled: false, pageLoadStrategy: normal, platformName: WINDOWS, proxy: Proxy(), se:cdp: ws://localhost:49681/devtoo..., se:cdpVersion: 108.0.5359.125, setWindowRect: true, strictFileInteractability: false, timeouts: {implicit: 0, pageLoad: 300000, script: 30000}, unhandledPromptBehavior: dismiss and notify, webauthn:extension:credBlob: true, webauthn:extension:largeBlob: true, webauthn:virtualAuthenticators: true}
Session ID: 4149d4ed7c7d938430719f19d7b74560">
      <![CDATA[org.openqa.selenium.JavascriptException: javascript error: missing ) after argument list
  (Session info: chrome=108.0.5359.125)
Build info: version: '4.6.0', revision: '79f1c02ae20'
System info: os.name: 'Windows 10', os.arch: 'amd64', os.version: '10.0', java.version: '17.0.5'
Driver info: org.openqa.selenium.chrome.ChromeDriver
Command: [4149d4ed7c7d938430719f19d7b74560, executeScript {script=document.getElementById('//a[contains(text(),'test2  test2')]//parent::td//preceding-sibling::td//input[@name='id']').click();, args=[]}]
Capabilities {acceptInsecureCerts: false, browserName: chrome, browserVersion: 108.0.5359.125, chrome: {chromedriverVersion: 107.0.5304.18 (fde5ebf4e16d..., userDataDir: C:\Users\hp\AppData\Local\T...}, goog:chromeOptions: {debuggerAddress: localhost:49681}, networkConnectionEnabled: false, pageLoadStrategy: normal, platformName: WINDOWS, proxy: Proxy(), se:cdp: ws://localhost:49681/devtoo..., se:cdpVersion: 108.0.5359.125, setWindowRect: true, strictFileInteractability: false, timeouts: {implicit: 0, pageLoad: 300000, script: 30000}, unhandledPromptBehavior: dismiss and notify, webauthn:extension:credBlob: true, webauthn:extension:largeBlob: true, webauthn:virtualAuthenticators: true}
Session ID: 4149d4ed7c7d938430719f19d7b74560
at org.openqa.selenium.remote.codec.w3c.W3CHttpResponseCodec.createException(W3CHttpResponseCodec.java:200)
at org.openqa.selenium.remote.codec.w3c.W3CHttpResponseCodec.decode(W3CHttpResponseCodec.java:133)
at org.openqa.selenium.remote.codec.w3c.W3CHttpResponseCodec.decode(W3CHttpResponseCodec.java:53)
at org.openqa.selenium.remote.HttpCommandExecutor.execute(HttpCommandExecutor.java:184)
at org.openqa.selenium.remote.service.DriverCommandExecutor.invokeExecute(DriverCommandExecutor.java:167)
at org.openqa.selenium.remote.service.DriverCommandExecutor.execute(DriverCommandExecutor.java:142)
at org.openqa.selenium.remote.RemoteWebDriver.execute(RemoteWebDriver.java:541)
at org.openqa.selenium.remote.RemoteWebDriver.executeScript(RemoteWebDriver.java:478)
at com.crm.qa.pages.ContactPage.selectContactsByName(ContactPage.java:43)
at com.crm.qa.testcases.ContactPageTest.SelectContactTest(ContactPageTest.java:42)
at java.base/java.util.ArrayList.forEach(ArrayList.java:1511)
... Removed 32 stack frames]]>
    </failure>
  </testcase> <!-- SelectContactTest -->
  <testcase classname="com.crm.qa.testcases.LoginPageTest" name="LoginPageTitiletest" time="0.072"/>
  <testcase classname="com.crm.qa.testcases.LoginPageTest" name="LoginTest" time="0.764"/>
  <testcase classname="com.crm.qa.testcases.HomePgaeTest" name="verifyHomepageTitle" time="0.031">
    <failure type="java.lang.AssertionError" message="expected [Cogmento CRM324] but found [Cogmento CRM]">
      <![CDATA[java.lang.AssertionError: expected [Cogmento CRM324] but found [Cogmento CRM]
at com.crm.qa.testcases.HomePgaeTest.verifyHomepageTitle(HomePgaeTest.java:38)
at java.base/java.util.ArrayList.forEach(ArrayList.java:1511)
... Removed 33 stack frames]]>
    </failure>
  </testcase> <!-- verifyHomepageTitle -->
  <testcase classname="com.crm.qa.testcases.HomePgaeTest" name="VerifytheUser" time="2.354"/>
  <testcase classname="com.crm.qa.testcases.HomePgaeTest" name="verifycontactLinkTest" time="3.123"/>
</testsuite> <!-- Test -->
